<?xml version="1.0" encoding="UTF-8" ?>
<testsuite failures="0" time="32.249" errors="0" skipped="0" tests="4" name="uk.ac.ebi.efo.bubastis.DriverTest">
  <properties>
[...]
</properties>
  <testcase time="14.226" classname="uk.ac.ebi.efo.bubastis.DriverTest" name="testMainLoadUrlFile"/>
  <testcase time="3.469" classname="uk.ac.ebi.efo.bubastis.DriverTest" name="testNoChangeDiff"/>
  <testcase time="6.987" classname="uk.ac.ebi.efo.bubastis.DriverTest" name="testTwoFileDiff"/>
  <testcase time="7.567" classname="uk.ac.ebi.efo.bubastis.DriverTest" name="testXmlOutput"/>
</testsuite>